2024-11-18 04:25:21,489 - INFO - Checkpoint directory: ./results/unbiased/linear/16
2024-11-18 04:25:21,489 - INFO - Configuration:
2024-11-18 04:25:21,490 - INFO - batch_sizes: [256, 128, 64, 32, 16, 8]
2024-11-18 04:25:21,490 - INFO - batch_size: 16
2024-11-18 04:25:21,490 - INFO - batch_size_evaluate: 64
2024-11-18 04:25:21,490 - INFO - num_epochs: 100
2024-11-18 04:25:21,490 - INFO - num_eval_epochs: 50
2024-11-18 04:25:21,490 - INFO - sim_coeff: 25.0
2024-11-18 04:25:21,490 - INFO - std_coeff: 25.0
2024-11-18 04:25:21,490 - INFO - cov_coeff: 1
2024-11-18 04:25:21,490 - INFO - lr_vicreg: 5e-05
2024-11-18 04:25:21,490 - INFO - lr_linear: 0.01
2024-11-18 04:25:21,490 - INFO - backbone: resnet18
2024-11-18 04:25:21,490 - INFO - projection_head_dims: [512, 512, 512]
2024-11-18 04:25:21,490 - INFO - probe: linear
2024-11-18 04:25:21,490 - INFO - loss: unbiased
2024-11-18 04:25:21,491 - INFO - batch_size_sharing: False
2024-11-18 04:25:21,491 - INFO - checkpoint_dir: ./results/unbiased/linear/16
2024-11-18 04:25:21,491 - INFO - Running with batch_size=16
2024-11-18 04:25:21,491 - INFO - Using device: cuda
2024-11-18 04:25:21,492 - INFO - Setting up experiment...
2024-11-18 04:25:21,492 - INFO - Using ResNet18 backbone
2024-11-18 04:25:21,687 - INFO - Using unbiased VICReg loss
2024-11-18 04:25:21,687 - INFO - Setting up datasets and dataloaders
2024-11-18 04:25:22,904 - INFO - Created dataloaders with batch size 16 and evaluate 64
2024-11-18 04:25:22,905 - INFO - Created optimizers with learning rates: vicreg=5e-05, linear=0.01
2024-11-18 04:25:22,905 - INFO - Loaded checkpoints: vicreg_epoch=0, linear_epoch=0
2024-11-18 04:25:22,905 - INFO - Starting from epoch vicreg_start:0
2024-11-18 04:25:22,905 - INFO - Writing visualization data to TensorBoard
2024-11-18 04:25:24,140 - INFO - Successfully wrote visualization data to TensorBoard
2024-11-18 04:25:24,164 - INFO - Beginning train + evaluate for linear probing
2024-11-18 04:25:24,164 - INFO - Continuing VICReg training from epoch 0 to 100
2024-11-18 04:26:24,340 - INFO - Epoch: 00, unbiasedVICReg loss: 27.77414
2024-11-18 04:27:21,971 - INFO - Epoch: 01, unbiasedVICReg loss: 22.61842
2024-11-18 04:28:22,058 - INFO - Epoch: 02, unbiasedVICReg loss: 22.60323
2024-11-18 04:29:21,689 - INFO - Epoch: 03, unbiasedVICReg loss: 22.59534
2024-11-18 04:30:21,805 - INFO - Epoch: 04, unbiasedVICReg loss: 22.58555
2024-11-18 04:31:20,598 - INFO - Epoch: 05, unbiasedVICReg loss: 22.57582
2024-11-18 04:32:20,828 - INFO - Epoch: 06, unbiasedVICReg loss: 22.56864
2024-11-18 04:33:21,377 - INFO - Epoch: 07, unbiasedVICReg loss: 22.56293
2024-11-18 04:34:21,701 - INFO - Epoch: 08, unbiasedVICReg loss: 22.56017
2024-11-18 04:35:19,845 - INFO - Epoch: 09, unbiasedVICReg loss: 22.55597
2024-11-18 04:36:18,315 - INFO - Epoch: 10, unbiasedVICReg loss: 22.55383
2024-11-18 04:37:18,791 - INFO - Epoch: 11, unbiasedVICReg loss: 22.55216
2024-11-18 04:38:18,019 - INFO - Epoch: 12, unbiasedVICReg loss: 22.55044
2024-11-18 04:39:17,217 - INFO - Epoch: 13, unbiasedVICReg loss: 22.54769
2024-11-18 04:40:18,213 - INFO - Epoch: 14, unbiasedVICReg loss: 22.54560
2024-11-18 04:41:16,961 - INFO - Epoch: 15, unbiasedVICReg loss: 22.54400
2024-11-18 04:42:14,582 - INFO - Epoch: 16, unbiasedVICReg loss: 22.54207
2024-11-18 04:43:14,193 - INFO - Epoch: 17, unbiasedVICReg loss: 22.54063
2024-11-18 04:44:12,943 - INFO - Epoch: 18, unbiasedVICReg loss: 22.53882
2024-11-18 04:45:11,498 - INFO - Epoch: 19, unbiasedVICReg loss: 22.53797
2024-11-18 04:46:10,379 - INFO - Epoch: 20, unbiasedVICReg loss: 22.53698
2024-11-18 04:47:11,488 - INFO - Epoch: 21, unbiasedVICReg loss: 22.53555
2024-11-18 04:48:11,081 - INFO - Epoch: 22, unbiasedVICReg loss: 22.53419
2024-11-18 04:49:09,276 - INFO - Epoch: 23, unbiasedVICReg loss: 22.53276
2024-11-18 04:50:08,124 - INFO - Epoch: 24, unbiasedVICReg loss: 22.53161
2024-11-18 04:51:08,325 - INFO - Epoch: 25, unbiasedVICReg loss: 22.53037
2024-11-18 04:52:09,431 - INFO - Epoch: 26, unbiasedVICReg loss: 22.52918
2024-11-18 04:53:08,976 - INFO - Epoch: 27, unbiasedVICReg loss: 22.52860
2024-11-18 04:54:07,023 - INFO - Epoch: 28, unbiasedVICReg loss: 22.52852
2024-11-18 04:55:07,845 - INFO - Epoch: 29, unbiasedVICReg loss: 22.52576
2024-11-18 04:56:07,503 - INFO - Epoch: 30, unbiasedVICReg loss: 22.52605
2024-11-18 04:57:07,603 - INFO - Epoch: 31, unbiasedVICReg loss: 22.52506
2024-11-18 04:58:07,346 - INFO - Epoch: 32, unbiasedVICReg loss: 22.52350
2024-11-18 04:59:07,295 - INFO - Epoch: 33, unbiasedVICReg loss: 22.52351
2024-11-18 05:00:08,356 - INFO - Epoch: 34, unbiasedVICReg loss: 22.52217
2024-11-18 05:01:09,242 - INFO - Epoch: 35, unbiasedVICReg loss: 22.52269
2024-11-18 05:02:08,928 - INFO - Epoch: 36, unbiasedVICReg loss: 22.52154
2024-11-18 05:03:09,174 - INFO - Epoch: 37, unbiasedVICReg loss: 22.51968
2024-11-18 05:04:08,036 - INFO - Epoch: 38, unbiasedVICReg loss: 22.51991
2024-11-18 05:05:06,855 - INFO - Epoch: 39, unbiasedVICReg loss: 22.51849
2024-11-18 05:06:06,587 - INFO - Epoch: 40, unbiasedVICReg loss: 22.51957
2024-11-18 05:07:06,163 - INFO - Epoch: 41, unbiasedVICReg loss: 22.51886
2024-11-18 05:08:05,211 - INFO - Epoch: 42, unbiasedVICReg loss: 22.51703
2024-11-18 05:09:04,170 - INFO - Epoch: 43, unbiasedVICReg loss: 22.51702
2024-11-18 05:10:02,951 - INFO - Epoch: 44, unbiasedVICReg loss: 22.51647
2024-11-18 05:11:02,944 - INFO - Epoch: 45, unbiasedVICReg loss: 22.51554
2024-11-18 05:12:01,919 - INFO - Epoch: 46, unbiasedVICReg loss: 22.51554
2024-11-18 05:13:02,077 - INFO - Epoch: 47, unbiasedVICReg loss: 22.51398
2024-11-18 05:13:59,754 - INFO - Epoch: 48, unbiasedVICReg loss: 22.51257
2024-11-18 05:15:00,600 - INFO - Epoch: 49, unbiasedVICReg loss: 22.51378
2024-11-18 05:16:00,823 - INFO - Epoch: 50, unbiasedVICReg loss: 22.51220
2024-11-18 05:17:00,445 - INFO - Epoch: 51, unbiasedVICReg loss: 22.51265
2024-11-18 05:17:58,522 - INFO - Epoch: 52, unbiasedVICReg loss: 22.51217
2024-11-18 05:18:57,176 - INFO - Epoch: 53, unbiasedVICReg loss: 22.51167
2024-11-18 05:19:56,579 - INFO - Epoch: 54, unbiasedVICReg loss: 22.51056
2024-11-18 05:20:55,623 - INFO - Epoch: 55, unbiasedVICReg loss: 22.51041
2024-11-18 05:21:56,920 - INFO - Epoch: 56, unbiasedVICReg loss: 22.50965
2024-11-18 05:22:57,353 - INFO - Epoch: 57, unbiasedVICReg loss: 22.50982
2024-11-18 05:23:59,033 - INFO - Epoch: 58, unbiasedVICReg loss: 22.50952
2024-11-18 05:24:59,714 - INFO - Epoch: 59, unbiasedVICReg loss: 22.50904
2024-11-18 05:25:59,468 - INFO - Epoch: 60, unbiasedVICReg loss: 22.50799
2024-11-18 05:26:59,872 - INFO - Epoch: 61, unbiasedVICReg loss: 22.50821
2024-11-18 05:27:58,909 - INFO - Epoch: 62, unbiasedVICReg loss: 22.50791
2024-11-18 05:28:58,730 - INFO - Epoch: 63, unbiasedVICReg loss: 22.50776
2024-11-18 05:29:57,338 - INFO - Epoch: 64, unbiasedVICReg loss: 22.50689
2024-11-18 05:30:59,255 - INFO - Epoch: 65, unbiasedVICReg loss: 22.50564
2024-11-18 05:31:59,769 - INFO - Epoch: 66, unbiasedVICReg loss: 22.50512
2024-11-18 05:33:04,565 - INFO - Epoch: 67, unbiasedVICReg loss: 22.50576
2024-11-18 05:34:05,325 - INFO - Epoch: 68, unbiasedVICReg loss: 22.50540
2024-11-18 05:35:07,544 - INFO - Epoch: 69, unbiasedVICReg loss: 22.50499
2024-11-18 05:36:11,357 - INFO - Epoch: 70, unbiasedVICReg loss: 22.50471
2024-11-18 05:37:14,521 - INFO - Epoch: 71, unbiasedVICReg loss: 22.50423
2024-11-18 05:38:16,000 - INFO - Epoch: 72, unbiasedVICReg loss: 22.50350
2024-11-18 05:39:16,911 - INFO - Epoch: 73, unbiasedVICReg loss: 22.50393
2024-11-18 05:40:16,764 - INFO - Epoch: 74, unbiasedVICReg loss: 22.50357
2024-11-18 05:41:18,869 - INFO - Epoch: 75, unbiasedVICReg loss: 22.50279
2024-11-18 05:42:21,551 - INFO - Epoch: 76, unbiasedVICReg loss: 22.50250
2024-11-18 05:43:23,045 - INFO - Epoch: 77, unbiasedVICReg loss: 22.50275
2024-11-18 05:44:25,204 - INFO - Epoch: 78, unbiasedVICReg loss: 22.50096
2024-11-18 05:45:25,809 - INFO - Epoch: 79, unbiasedVICReg loss: 22.50044
2024-11-18 05:46:26,808 - INFO - Epoch: 80, unbiasedVICReg loss: 22.50221
2024-11-18 05:47:27,719 - INFO - Epoch: 81, unbiasedVICReg loss: 22.50115
2024-11-18 05:48:28,498 - INFO - Epoch: 82, unbiasedVICReg loss: 22.50095
2024-11-18 05:49:30,118 - INFO - Epoch: 83, unbiasedVICReg loss: 22.49998
2024-11-18 05:50:30,807 - INFO - Epoch: 84, unbiasedVICReg loss: 22.49995
2024-11-18 05:51:33,079 - INFO - Epoch: 85, unbiasedVICReg loss: 22.49878
2024-11-18 05:52:33,931 - INFO - Epoch: 86, unbiasedVICReg loss: 22.49923
2024-11-18 05:53:36,002 - INFO - Epoch: 87, unbiasedVICReg loss: 22.49876
2024-11-18 05:54:37,934 - INFO - Epoch: 88, unbiasedVICReg loss: 22.49883
2024-11-18 05:55:40,168 - INFO - Epoch: 89, unbiasedVICReg loss: 22.49910
2024-11-18 05:56:41,918 - INFO - Epoch: 90, unbiasedVICReg loss: 22.49793
2024-11-18 05:57:44,550 - INFO - Epoch: 91, unbiasedVICReg loss: 22.49805
2024-11-18 05:58:45,838 - INFO - Epoch: 92, unbiasedVICReg loss: 22.49800
2024-11-18 05:59:48,748 - INFO - Epoch: 93, unbiasedVICReg loss: 22.49800
2024-11-18 06:00:50,869 - INFO - Epoch: 94, unbiasedVICReg loss: 22.49699
2024-11-18 06:01:52,304 - INFO - Epoch: 95, unbiasedVICReg loss: 22.49748
2024-11-18 06:02:55,661 - INFO - Epoch: 96, unbiasedVICReg loss: 22.49602
2024-11-18 06:04:04,694 - INFO - Epoch: 97, unbiasedVICReg loss: 22.49687
2024-11-18 06:05:12,649 - INFO - Epoch: 98, unbiasedVICReg loss: 22.49437
2024-11-18 06:06:15,119 - INFO - Epoch: 99, unbiasedVICReg loss: 22.49624
2024-11-18 06:06:15,857 - INFO - linear_start 0, vicreg_start 0
2024-11-18 06:06:15,858 - INFO - Starting linear evaluation from 0/50 epochs
2024-11-18 06:06:36,149 - INFO - Epoch: 00, Train Loss: 1.18130, Train Acc: 56.99%
2024-11-18 06:06:40,932 - INFO - Epoch: 00, Test Loss: 1.15709, Test Acc: 57.65%
2024-11-18 06:07:01,824 - INFO - Epoch: 01, Train Loss: 1.10932, Train Acc: 59.46%
2024-11-18 06:07:06,677 - INFO - Epoch: 01, Test Loss: 1.11471, Test Acc: 59.61%
2024-11-18 06:07:27,377 - INFO - Epoch: 02, Train Loss: 1.08935, Train Acc: 60.29%
2024-11-18 06:07:32,278 - INFO - Epoch: 02, Test Loss: 1.10907, Test Acc: 59.63%
2024-11-18 06:07:52,942 - INFO - Epoch: 03, Train Loss: 1.07737, Train Acc: 60.82%
2024-11-18 06:07:57,737 - INFO - Epoch: 03, Test Loss: 1.10242, Test Acc: 60.01%
2024-11-18 06:08:18,456 - INFO - Epoch: 04, Train Loss: 1.06880, Train Acc: 61.11%
2024-11-18 06:08:23,478 - INFO - Epoch: 04, Test Loss: 1.08363, Test Acc: 60.66%
2024-11-18 06:08:44,039 - INFO - Epoch: 05, Train Loss: 1.06053, Train Acc: 61.33%
2024-11-18 06:08:48,753 - INFO - Epoch: 05, Test Loss: 1.07703, Test Acc: 60.69%
2024-11-18 06:09:09,425 - INFO - Epoch: 06, Train Loss: 1.05442, Train Acc: 61.67%
2024-11-18 06:09:14,694 - INFO - Epoch: 06, Test Loss: 1.07222, Test Acc: 61.14%
2024-11-18 06:09:35,097 - INFO - Epoch: 07, Train Loss: 1.04949, Train Acc: 61.83%
2024-11-18 06:09:40,218 - INFO - Epoch: 07, Test Loss: 1.07702, Test Acc: 61.13%
2024-11-18 06:10:00,530 - INFO - Epoch: 08, Train Loss: 1.04490, Train Acc: 61.88%
2024-11-18 06:10:05,724 - INFO - Epoch: 08, Test Loss: 1.06374, Test Acc: 61.13%
2024-11-18 06:10:26,064 - INFO - Epoch: 09, Train Loss: 1.04105, Train Acc: 62.01%
2024-11-18 06:10:31,243 - INFO - Epoch: 09, Test Loss: 1.07122, Test Acc: 61.00%
2024-11-18 06:10:52,047 - INFO - Epoch: 10, Train Loss: 1.03741, Train Acc: 62.14%
2024-11-18 06:10:57,166 - INFO - Epoch: 10, Test Loss: 1.06200, Test Acc: 61.41%
2024-11-18 06:11:17,551 - INFO - Epoch: 11, Train Loss: 1.03434, Train Acc: 62.30%
2024-11-18 06:11:22,670 - INFO - Epoch: 11, Test Loss: 1.06495, Test Acc: 61.49%
2024-11-18 06:11:43,228 - INFO - Epoch: 12, Train Loss: 1.03096, Train Acc: 62.51%
2024-11-18 06:11:48,487 - INFO - Epoch: 12, Test Loss: 1.05386, Test Acc: 61.50%
2024-11-18 06:12:08,608 - INFO - Epoch: 13, Train Loss: 1.02917, Train Acc: 62.53%
2024-11-18 06:12:13,725 - INFO - Epoch: 13, Test Loss: 1.05809, Test Acc: 61.72%
2024-11-18 06:12:33,867 - INFO - Epoch: 14, Train Loss: 1.02636, Train Acc: 62.56%
2024-11-18 06:12:38,853 - INFO - Epoch: 14, Test Loss: 1.06470, Test Acc: 61.29%
2024-11-18 06:12:59,392 - INFO - Epoch: 15, Train Loss: 1.02525, Train Acc: 62.72%
2024-11-18 06:13:04,552 - INFO - Epoch: 15, Test Loss: 1.05104, Test Acc: 61.85%
2024-11-18 06:13:25,701 - INFO - Epoch: 16, Train Loss: 1.02243, Train Acc: 62.80%
2024-11-18 06:13:30,079 - INFO - Epoch: 16, Test Loss: 1.05865, Test Acc: 61.83%
2024-11-18 06:13:50,384 - INFO - Epoch: 17, Train Loss: 1.02029, Train Acc: 62.74%
2024-11-18 06:13:55,151 - INFO - Epoch: 17, Test Loss: 1.05740, Test Acc: 61.46%
2024-11-18 06:14:15,631 - INFO - Epoch: 18, Train Loss: 1.01860, Train Acc: 63.01%
2024-11-18 06:14:20,385 - INFO - Epoch: 18, Test Loss: 1.04620, Test Acc: 61.93%
2024-11-18 06:14:40,599 - INFO - Epoch: 19, Train Loss: 1.01619, Train Acc: 62.88%
2024-11-18 06:14:45,336 - INFO - Epoch: 19, Test Loss: 1.04955, Test Acc: 61.71%
2024-11-18 06:15:05,711 - INFO - Epoch: 20, Train Loss: 1.01507, Train Acc: 63.12%
2024-11-18 06:15:10,483 - INFO - Epoch: 20, Test Loss: 1.04816, Test Acc: 61.90%
2024-11-18 06:15:31,258 - INFO - Epoch: 21, Train Loss: 1.01309, Train Acc: 63.17%
2024-11-18 06:15:36,010 - INFO - Epoch: 21, Test Loss: 1.05194, Test Acc: 61.67%
2024-11-18 06:15:56,783 - INFO - Epoch: 22, Train Loss: 1.01083, Train Acc: 63.15%
2024-11-18 06:16:01,632 - INFO - Epoch: 22, Test Loss: 1.06217, Test Acc: 61.44%
2024-11-18 06:16:22,409 - INFO - Epoch: 23, Train Loss: 1.01062, Train Acc: 63.19%
2024-11-18 06:16:27,222 - INFO - Epoch: 23, Test Loss: 1.04340, Test Acc: 62.35%
2024-11-18 06:16:48,530 - INFO - Epoch: 24, Train Loss: 1.00981, Train Acc: 63.17%
2024-11-18 06:16:53,308 - INFO - Epoch: 24, Test Loss: 1.05459, Test Acc: 61.71%
2024-11-18 06:17:14,673 - INFO - Epoch: 25, Train Loss: 1.00785, Train Acc: 63.20%
2024-11-18 06:17:19,497 - INFO - Epoch: 25, Test Loss: 1.05568, Test Acc: 61.38%
2024-11-18 06:17:40,138 - INFO - Epoch: 26, Train Loss: 1.00702, Train Acc: 63.35%
2024-11-18 06:17:44,860 - INFO - Epoch: 26, Test Loss: 1.04468, Test Acc: 62.18%
2024-11-18 06:18:06,587 - INFO - Epoch: 27, Train Loss: 1.00557, Train Acc: 63.32%
2024-11-18 06:18:11,401 - INFO - Epoch: 27, Test Loss: 1.06325, Test Acc: 61.32%
2024-11-18 06:18:31,729 - INFO - Epoch: 28, Train Loss: 1.00541, Train Acc: 63.35%
2024-11-18 06:18:36,446 - INFO - Epoch: 28, Test Loss: 1.03878, Test Acc: 62.58%
2024-11-18 06:18:56,753 - INFO - Epoch: 29, Train Loss: 1.00432, Train Acc: 63.33%
2024-11-18 06:19:01,589 - INFO - Epoch: 29, Test Loss: 1.04408, Test Acc: 62.01%
2024-11-18 06:19:22,279 - INFO - Epoch: 30, Train Loss: 1.00232, Train Acc: 63.50%
2024-11-18 06:19:27,227 - INFO - Epoch: 30, Test Loss: 1.04441, Test Acc: 62.28%
2024-11-18 06:19:47,577 - INFO - Epoch: 31, Train Loss: 1.00183, Train Acc: 63.53%
2024-11-18 06:19:52,629 - INFO - Epoch: 31, Test Loss: 1.04435, Test Acc: 61.98%
2024-11-18 06:20:12,776 - INFO - Epoch: 32, Train Loss: 1.00119, Train Acc: 63.55%
2024-11-18 06:20:17,701 - INFO - Epoch: 32, Test Loss: 1.04790, Test Acc: 62.20%
2024-11-18 06:20:38,430 - INFO - Epoch: 33, Train Loss: 0.99998, Train Acc: 63.55%
2024-11-18 06:20:43,630 - INFO - Epoch: 33, Test Loss: 1.04628, Test Acc: 62.46%
2024-11-18 06:21:03,830 - INFO - Epoch: 34, Train Loss: 0.99863, Train Acc: 63.53%
2024-11-18 06:21:08,982 - INFO - Epoch: 34, Test Loss: 1.03606, Test Acc: 62.52%
2024-11-18 06:21:29,349 - INFO - Epoch: 35, Train Loss: 0.99832, Train Acc: 63.70%
2024-11-18 06:21:34,700 - INFO - Epoch: 35, Test Loss: 1.04402, Test Acc: 62.06%
2024-11-18 06:21:55,165 - INFO - Epoch: 36, Train Loss: 0.99715, Train Acc: 63.61%
2024-11-18 06:22:00,213 - INFO - Epoch: 36, Test Loss: 1.04335, Test Acc: 62.24%
2024-11-18 06:22:20,795 - INFO - Epoch: 37, Train Loss: 0.99618, Train Acc: 63.71%
2024-11-18 06:22:25,703 - INFO - Epoch: 37, Test Loss: 1.03875, Test Acc: 62.64%
2024-11-18 06:22:46,299 - INFO - Epoch: 38, Train Loss: 0.99545, Train Acc: 63.69%
2024-11-18 06:22:51,387 - INFO - Epoch: 38, Test Loss: 1.04279, Test Acc: 62.46%
2024-11-18 06:23:11,573 - INFO - Epoch: 39, Train Loss: 0.99394, Train Acc: 63.84%
2024-11-18 06:23:16,080 - INFO - Epoch: 39, Test Loss: 1.03787, Test Acc: 62.54%
2024-11-18 06:23:34,808 - INFO - Epoch: 40, Train Loss: 0.99389, Train Acc: 63.71%
2024-11-18 06:23:39,484 - INFO - Epoch: 40, Test Loss: 1.03681, Test Acc: 62.49%
2024-11-18 06:23:58,493 - INFO - Epoch: 41, Train Loss: 0.99276, Train Acc: 63.86%
2024-11-18 06:24:03,032 - INFO - Epoch: 41, Test Loss: 1.04763, Test Acc: 62.21%
2024-11-18 06:24:21,895 - INFO - Epoch: 42, Train Loss: 0.99288, Train Acc: 63.82%
2024-11-18 06:24:26,197 - INFO - Epoch: 42, Test Loss: 1.03452, Test Acc: 62.47%
2024-11-18 06:24:45,335 - INFO - Epoch: 43, Train Loss: 0.99141, Train Acc: 63.75%
2024-11-18 06:24:49,699 - INFO - Epoch: 43, Test Loss: 1.04161, Test Acc: 62.46%
2024-11-18 06:25:08,732 - INFO - Epoch: 44, Train Loss: 0.99138, Train Acc: 63.76%
2024-11-18 06:25:13,479 - INFO - Epoch: 44, Test Loss: 1.05078, Test Acc: 62.33%
2024-11-18 06:25:32,641 - INFO - Epoch: 45, Train Loss: 0.99077, Train Acc: 63.92%
2024-11-18 06:25:37,234 - INFO - Epoch: 45, Test Loss: 1.04867, Test Acc: 62.29%
2024-11-18 06:25:56,500 - INFO - Epoch: 46, Train Loss: 0.99065, Train Acc: 63.91%
2024-11-18 06:26:00,899 - INFO - Epoch: 46, Test Loss: 1.05618, Test Acc: 61.74%
2024-11-18 06:26:19,767 - INFO - Epoch: 47, Train Loss: 0.99008, Train Acc: 63.94%
2024-11-18 06:26:24,365 - INFO - Epoch: 47, Test Loss: 1.03343, Test Acc: 62.53%
2024-11-18 06:26:43,486 - INFO - Epoch: 48, Train Loss: 0.98976, Train Acc: 63.75%
2024-11-18 06:26:48,153 - INFO - Epoch: 48, Test Loss: 1.03371, Test Acc: 62.62%
2024-11-18 06:27:07,314 - INFO - Epoch: 49, Train Loss: 0.98817, Train Acc: 63.95%
2024-11-18 06:27:12,059 - INFO - Epoch: 49, Test Loss: 1.03803, Test Acc: 62.88%
2024-11-18 06:27:12,059 - INFO - Train exists: 0/50 epochs, evaluate on train:
2024-11-18 06:27:16,826 - INFO - Epoch: 49, Test Loss: 1.03803, Test Acc: 62.88%
