2024-11-18 04:18:52,944 - INFO - Checkpoint directory: ./results/biased/linear/16
2024-11-18 04:18:52,944 - INFO - Configuration:
2024-11-18 04:18:52,944 - INFO - batch_sizes: [256, 128, 64, 32, 16, 8]
2024-11-18 04:18:52,944 - INFO - batch_size: 16
2024-11-18 04:18:52,944 - INFO - batch_size_evaluate: 64
2024-11-18 04:18:52,945 - INFO - num_epochs: 100
2024-11-18 04:18:52,945 - INFO - num_eval_epochs: 50
2024-11-18 04:18:52,945 - INFO - sim_coeff: 25.0
2024-11-18 04:18:52,945 - INFO - std_coeff: 25.0
2024-11-18 04:18:52,945 - INFO - cov_coeff: 1
2024-11-18 04:18:52,945 - INFO - lr_vicreg: 5e-05
2024-11-18 04:18:52,945 - INFO - lr_linear: 0.01
2024-11-18 04:18:52,945 - INFO - backbone: resnet18
2024-11-18 04:18:52,945 - INFO - projection_head_dims: [512, 512, 512]
2024-11-18 04:18:52,945 - INFO - probe: linear
2024-11-18 04:18:52,945 - INFO - loss: biased
2024-11-18 04:18:52,945 - INFO - batch_size_sharing: False
2024-11-18 04:18:52,945 - INFO - checkpoint_dir: ./results/biased/linear/16
2024-11-18 04:18:52,946 - INFO - Running with batch_size=16
2024-11-18 04:18:52,946 - INFO - Using device: cuda
2024-11-18 04:18:52,947 - INFO - Setting up experiment...
2024-11-18 04:18:52,947 - INFO - Using ResNet18 backbone
2024-11-18 04:18:53,120 - INFO - Using biased VICReg loss
2024-11-18 04:18:53,120 - INFO - Setting up datasets and dataloaders
2024-11-18 04:18:54,643 - INFO - Created dataloaders with batch size 16 and evaluate 64
2024-11-18 04:18:54,644 - INFO - Created optimizers with learning rates: vicreg=5e-05, linear=0.01
2024-11-18 04:18:54,644 - INFO - Loaded checkpoints: vicreg_epoch=0, linear_epoch=0
2024-11-18 04:18:54,644 - INFO - Starting from epoch vicreg_start:0
2024-11-18 04:18:54,645 - INFO - Writing visualization data to TensorBoard
2024-11-18 04:18:55,662 - INFO - Successfully wrote visualization data to TensorBoard
2024-11-18 04:18:55,687 - INFO - Beginning train + evaluate for linear probing
2024-11-18 04:18:55,687 - INFO - Continuing VICReg training from epoch 0 to 100
2024-11-18 04:19:57,737 - INFO - Epoch: 00, biasedVICReg loss: 21.23644
2024-11-18 04:20:58,403 - INFO - Epoch: 01, biasedVICReg loss: 20.82910
2024-11-18 04:21:59,757 - INFO - Epoch: 02, biasedVICReg loss: 20.64789
2024-11-18 04:23:02,600 - INFO - Epoch: 03, biasedVICReg loss: 20.56752
2024-11-18 04:24:04,593 - INFO - Epoch: 04, biasedVICReg loss: 20.50712
2024-11-18 04:25:05,946 - INFO - Epoch: 05, biasedVICReg loss: 20.46702
2024-11-18 04:26:07,868 - INFO - Epoch: 06, biasedVICReg loss: 20.39383
2024-11-18 04:27:10,400 - INFO - Epoch: 07, biasedVICReg loss: 20.36005
2024-11-18 04:28:12,200 - INFO - Epoch: 08, biasedVICReg loss: 20.33182
2024-11-18 04:29:15,938 - INFO - Epoch: 09, biasedVICReg loss: 20.31814
2024-11-18 04:30:17,741 - INFO - Epoch: 10, biasedVICReg loss: 20.26652
2024-11-18 04:31:19,816 - INFO - Epoch: 11, biasedVICReg loss: 20.25356
2024-11-18 04:32:19,721 - INFO - Epoch: 12, biasedVICReg loss: 20.22283
2024-11-18 04:33:20,479 - INFO - Epoch: 13, biasedVICReg loss: 20.22225
2024-11-18 04:34:22,713 - INFO - Epoch: 14, biasedVICReg loss: 20.18864
2024-11-18 04:35:26,014 - INFO - Epoch: 15, biasedVICReg loss: 20.17713
2024-11-18 04:36:26,819 - INFO - Epoch: 16, biasedVICReg loss: 20.14975
2024-11-18 04:37:28,288 - INFO - Epoch: 17, biasedVICReg loss: 20.12501
2024-11-18 04:38:30,022 - INFO - Epoch: 18, biasedVICReg loss: 20.11497
2024-11-18 04:39:32,952 - INFO - Epoch: 19, biasedVICReg loss: 20.10446
2024-11-18 04:40:35,607 - INFO - Epoch: 20, biasedVICReg loss: 20.08109
2024-11-18 04:41:36,141 - INFO - Epoch: 21, biasedVICReg loss: 20.07798
2024-11-18 04:42:38,631 - INFO - Epoch: 22, biasedVICReg loss: 20.06564
2024-11-18 04:43:43,069 - INFO - Epoch: 23, biasedVICReg loss: 20.04897
2024-11-18 04:44:45,488 - INFO - Epoch: 24, biasedVICReg loss: 20.01815
2024-11-18 04:45:47,685 - INFO - Epoch: 25, biasedVICReg loss: 20.00906
2024-11-18 04:46:49,778 - INFO - Epoch: 26, biasedVICReg loss: 20.00979
2024-11-18 04:47:49,324 - INFO - Epoch: 27, biasedVICReg loss: 19.98970
2024-11-18 04:48:50,808 - INFO - Epoch: 28, biasedVICReg loss: 19.99310
2024-11-18 04:49:51,510 - INFO - Epoch: 29, biasedVICReg loss: 19.96994
2024-11-18 04:50:52,995 - INFO - Epoch: 30, biasedVICReg loss: 19.96492
2024-11-18 04:51:55,711 - INFO - Epoch: 31, biasedVICReg loss: 19.93888
2024-11-18 04:52:58,159 - INFO - Epoch: 32, biasedVICReg loss: 19.94511
2024-11-18 04:54:00,170 - INFO - Epoch: 33, biasedVICReg loss: 19.92150
2024-11-18 04:55:00,342 - INFO - Epoch: 34, biasedVICReg loss: 19.91845
2024-11-18 04:56:00,498 - INFO - Epoch: 35, biasedVICReg loss: 19.90639
2024-11-18 04:57:01,125 - INFO - Epoch: 36, biasedVICReg loss: 19.90429
2024-11-18 04:58:01,883 - INFO - Epoch: 37, biasedVICReg loss: 19.90429
2024-11-18 04:59:04,515 - INFO - Epoch: 38, biasedVICReg loss: 19.88651
2024-11-18 05:00:07,844 - INFO - Epoch: 39, biasedVICReg loss: 19.87892
2024-11-18 05:01:09,199 - INFO - Epoch: 40, biasedVICReg loss: 19.87640
2024-11-18 05:02:09,395 - INFO - Epoch: 41, biasedVICReg loss: 19.86257
2024-11-18 05:03:10,413 - INFO - Epoch: 42, biasedVICReg loss: 19.84551
2024-11-18 05:04:12,085 - INFO - Epoch: 43, biasedVICReg loss: 19.86454
2024-11-18 05:05:13,915 - INFO - Epoch: 44, biasedVICReg loss: 19.83978
2024-11-18 05:06:15,156 - INFO - Epoch: 45, biasedVICReg loss: 19.83758
2024-11-18 05:07:15,442 - INFO - Epoch: 46, biasedVICReg loss: 19.82651
2024-11-18 05:08:15,682 - INFO - Epoch: 47, biasedVICReg loss: 19.81129
2024-11-18 05:09:18,266 - INFO - Epoch: 48, biasedVICReg loss: 19.83550
2024-11-18 05:10:21,285 - INFO - Epoch: 49, biasedVICReg loss: 19.79184
2024-11-18 05:11:22,176 - INFO - Epoch: 50, biasedVICReg loss: 19.79359
2024-11-18 05:12:24,865 - INFO - Epoch: 51, biasedVICReg loss: 19.80148
2024-11-18 05:13:26,512 - INFO - Epoch: 52, biasedVICReg loss: 19.79391
2024-11-18 05:14:28,019 - INFO - Epoch: 53, biasedVICReg loss: 19.78476
2024-11-18 05:15:29,826 - INFO - Epoch: 54, biasedVICReg loss: 19.77213
2024-11-18 05:16:30,610 - INFO - Epoch: 55, biasedVICReg loss: 19.75650
2024-11-18 05:17:32,119 - INFO - Epoch: 56, biasedVICReg loss: 19.74963
2024-11-18 05:18:31,810 - INFO - Epoch: 57, biasedVICReg loss: 19.76158
2024-11-18 05:19:32,391 - INFO - Epoch: 58, biasedVICReg loss: 19.74315
2024-11-18 05:20:34,727 - INFO - Epoch: 59, biasedVICReg loss: 19.73961
2024-11-18 05:21:34,741 - INFO - Epoch: 60, biasedVICReg loss: 19.75484
2024-11-18 05:22:35,017 - INFO - Epoch: 61, biasedVICReg loss: 19.73635
2024-11-18 05:23:35,967 - INFO - Epoch: 62, biasedVICReg loss: 19.73678
2024-11-18 05:24:37,358 - INFO - Epoch: 63, biasedVICReg loss: 19.73086
2024-11-18 05:25:38,264 - INFO - Epoch: 64, biasedVICReg loss: 19.71785
2024-11-18 05:26:38,671 - INFO - Epoch: 65, biasedVICReg loss: 19.72070
2024-11-18 05:27:41,369 - INFO - Epoch: 66, biasedVICReg loss: 19.71597
2024-11-18 05:28:42,575 - INFO - Epoch: 67, biasedVICReg loss: 19.70214
2024-11-18 05:29:42,971 - INFO - Epoch: 68, biasedVICReg loss: 19.70145
2024-11-18 05:30:45,527 - INFO - Epoch: 69, biasedVICReg loss: 19.71177
2024-11-18 05:31:47,216 - INFO - Epoch: 70, biasedVICReg loss: 19.69336
2024-11-18 05:32:51,851 - INFO - Epoch: 71, biasedVICReg loss: 19.68474
2024-11-18 05:33:55,454 - INFO - Epoch: 72, biasedVICReg loss: 19.69262
2024-11-18 05:34:59,880 - INFO - Epoch: 73, biasedVICReg loss: 19.66748
2024-11-18 05:36:05,205 - INFO - Epoch: 74, biasedVICReg loss: 19.67522
2024-11-18 05:37:10,333 - INFO - Epoch: 75, biasedVICReg loss: 19.66417
2024-11-18 05:38:16,270 - INFO - Epoch: 76, biasedVICReg loss: 19.67623
2024-11-18 05:39:18,412 - INFO - Epoch: 77, biasedVICReg loss: 19.67119
2024-11-18 05:40:22,428 - INFO - Epoch: 78, biasedVICReg loss: 19.65491
2024-11-18 05:41:25,936 - INFO - Epoch: 79, biasedVICReg loss: 19.65700
2024-11-18 05:42:29,876 - INFO - Epoch: 80, biasedVICReg loss: 19.66152
2024-11-18 05:43:31,782 - INFO - Epoch: 81, biasedVICReg loss: 19.64997
2024-11-18 05:44:35,380 - INFO - Epoch: 82, biasedVICReg loss: 19.64441
2024-11-18 05:45:38,639 - INFO - Epoch: 83, biasedVICReg loss: 19.63023
2024-11-18 05:46:41,792 - INFO - Epoch: 84, biasedVICReg loss: 19.63169
2024-11-18 05:47:44,103 - INFO - Epoch: 85, biasedVICReg loss: 19.61269
2024-11-18 05:48:47,972 - INFO - Epoch: 86, biasedVICReg loss: 19.62668
2024-11-18 05:49:51,309 - INFO - Epoch: 87, biasedVICReg loss: 19.61888
2024-11-18 05:50:54,516 - INFO - Epoch: 88, biasedVICReg loss: 19.61259
2024-11-18 05:51:57,984 - INFO - Epoch: 89, biasedVICReg loss: 19.61862
2024-11-18 05:53:02,105 - INFO - Epoch: 90, biasedVICReg loss: 19.61572
2024-11-18 05:54:05,040 - INFO - Epoch: 91, biasedVICReg loss: 19.60772
2024-11-18 05:55:09,556 - INFO - Epoch: 92, biasedVICReg loss: 19.60808
2024-11-18 05:56:13,085 - INFO - Epoch: 93, biasedVICReg loss: 19.60915
2024-11-18 05:57:17,337 - INFO - Epoch: 94, biasedVICReg loss: 19.60746
2024-11-18 05:58:20,249 - INFO - Epoch: 95, biasedVICReg loss: 19.59578
2024-11-18 05:59:23,728 - INFO - Epoch: 96, biasedVICReg loss: 19.59500
2024-11-18 06:00:26,750 - INFO - Epoch: 97, biasedVICReg loss: 19.58573
2024-11-18 06:01:29,404 - INFO - Epoch: 98, biasedVICReg loss: 19.58282
2024-11-18 06:02:32,129 - INFO - Epoch: 99, biasedVICReg loss: 19.57548
2024-11-18 06:02:32,946 - INFO - linear_start 0, vicreg_start 0
2024-11-18 06:02:32,946 - INFO - Starting linear evaluation from 0/50 epochs
2024-11-18 06:02:51,990 - INFO - Epoch: 00, Train Loss: 1.15830, Train Acc: 57.56%
2024-11-18 06:02:56,426 - INFO - Epoch: 00, Test Loss: 1.12972, Test Acc: 58.41%
2024-11-18 06:03:15,511 - INFO - Epoch: 01, Train Loss: 1.08966, Train Acc: 60.14%
2024-11-18 06:03:20,012 - INFO - Epoch: 01, Test Loss: 1.07826, Test Acc: 60.72%
2024-11-18 06:03:38,816 - INFO - Epoch: 02, Train Loss: 1.06906, Train Acc: 60.89%
2024-11-18 06:03:43,162 - INFO - Epoch: 02, Test Loss: 1.06875, Test Acc: 61.69%
2024-11-18 06:04:01,935 - INFO - Epoch: 03, Train Loss: 1.05499, Train Acc: 61.54%
2024-11-18 06:04:06,354 - INFO - Epoch: 03, Test Loss: 1.08206, Test Acc: 60.92%
2024-11-18 06:04:25,224 - INFO - Epoch: 04, Train Loss: 1.04587, Train Acc: 61.97%
2024-11-18 06:04:29,613 - INFO - Epoch: 04, Test Loss: 1.05866, Test Acc: 61.91%
2024-11-18 06:04:48,357 - INFO - Epoch: 05, Train Loss: 1.03679, Train Acc: 62.09%
2024-11-18 06:04:52,746 - INFO - Epoch: 05, Test Loss: 1.06725, Test Acc: 61.48%
2024-11-18 06:05:11,443 - INFO - Epoch: 06, Train Loss: 1.03135, Train Acc: 62.47%
2024-11-18 06:05:15,755 - INFO - Epoch: 06, Test Loss: 1.04474, Test Acc: 62.41%
2024-11-18 06:05:34,480 - INFO - Epoch: 07, Train Loss: 1.02442, Train Acc: 62.87%
2024-11-18 06:05:38,872 - INFO - Epoch: 07, Test Loss: 1.05837, Test Acc: 61.88%
2024-11-18 06:05:57,551 - INFO - Epoch: 08, Train Loss: 1.01756, Train Acc: 63.18%
2024-11-18 06:06:01,934 - INFO - Epoch: 08, Test Loss: 1.04035, Test Acc: 62.70%
2024-11-18 06:06:21,228 - INFO - Epoch: 09, Train Loss: 1.01720, Train Acc: 63.01%
2024-11-18 06:06:25,688 - INFO - Epoch: 09, Test Loss: 1.03222, Test Acc: 62.66%
2024-11-18 06:06:45,620 - INFO - Epoch: 10, Train Loss: 1.01277, Train Acc: 63.14%
2024-11-18 06:06:50,260 - INFO - Epoch: 10, Test Loss: 1.04498, Test Acc: 62.27%
2024-11-18 06:07:10,218 - INFO - Epoch: 11, Train Loss: 1.00976, Train Acc: 63.36%
2024-11-18 06:07:14,863 - INFO - Epoch: 11, Test Loss: 1.04020, Test Acc: 62.84%
2024-11-18 06:07:34,914 - INFO - Epoch: 12, Train Loss: 1.00482, Train Acc: 63.63%
2024-11-18 06:07:39,515 - INFO - Epoch: 12, Test Loss: 1.05699, Test Acc: 61.41%
2024-11-18 06:07:59,613 - INFO - Epoch: 13, Train Loss: 1.00214, Train Acc: 63.75%
2024-11-18 06:08:04,199 - INFO - Epoch: 13, Test Loss: 1.02760, Test Acc: 63.41%
2024-11-18 06:08:23,931 - INFO - Epoch: 14, Train Loss: 1.00087, Train Acc: 63.79%
2024-11-18 06:08:28,656 - INFO - Epoch: 14, Test Loss: 1.03645, Test Acc: 62.93%
2024-11-18 06:08:48,344 - INFO - Epoch: 15, Train Loss: 0.99867, Train Acc: 63.60%
2024-11-18 06:08:52,932 - INFO - Epoch: 15, Test Loss: 1.02400, Test Acc: 63.37%
2024-11-18 06:09:12,907 - INFO - Epoch: 16, Train Loss: 0.99566, Train Acc: 63.97%
2024-11-18 06:09:17,654 - INFO - Epoch: 16, Test Loss: 1.03303, Test Acc: 62.79%
2024-11-18 06:09:37,379 - INFO - Epoch: 17, Train Loss: 0.99342, Train Acc: 64.06%
2024-11-18 06:09:42,221 - INFO - Epoch: 17, Test Loss: 1.02079, Test Acc: 63.48%
2024-11-18 06:10:02,119 - INFO - Epoch: 18, Train Loss: 0.99336, Train Acc: 64.07%
2024-11-18 06:10:06,910 - INFO - Epoch: 18, Test Loss: 1.02806, Test Acc: 62.93%
2024-11-18 06:10:26,490 - INFO - Epoch: 19, Train Loss: 0.98856, Train Acc: 64.11%
2024-11-18 06:10:31,315 - INFO - Epoch: 19, Test Loss: 1.03951, Test Acc: 62.65%
2024-11-18 06:10:51,005 - INFO - Epoch: 20, Train Loss: 0.98924, Train Acc: 64.06%
2024-11-18 06:10:55,955 - INFO - Epoch: 20, Test Loss: 1.02772, Test Acc: 63.35%
2024-11-18 06:11:15,871 - INFO - Epoch: 21, Train Loss: 0.98669, Train Acc: 64.17%
2024-11-18 06:11:20,876 - INFO - Epoch: 21, Test Loss: 1.03538, Test Acc: 62.53%
2024-11-18 06:11:40,634 - INFO - Epoch: 22, Train Loss: 0.98454, Train Acc: 64.21%
2024-11-18 06:11:45,443 - INFO - Epoch: 22, Test Loss: 1.02907, Test Acc: 62.87%
2024-11-18 06:12:05,374 - INFO - Epoch: 23, Train Loss: 0.98366, Train Acc: 64.41%
2024-11-18 06:12:10,277 - INFO - Epoch: 23, Test Loss: 1.03646, Test Acc: 62.58%
2024-11-18 06:12:30,173 - INFO - Epoch: 24, Train Loss: 0.98108, Train Acc: 64.49%
2024-11-18 06:12:35,056 - INFO - Epoch: 24, Test Loss: 1.01346, Test Acc: 63.71%
2024-11-18 06:12:54,712 - INFO - Epoch: 25, Train Loss: 0.98176, Train Acc: 64.42%
2024-11-18 06:12:59,274 - INFO - Epoch: 25, Test Loss: 1.04375, Test Acc: 62.57%
2024-11-18 06:13:19,037 - INFO - Epoch: 26, Train Loss: 0.98016, Train Acc: 64.51%
2024-11-18 06:13:23,631 - INFO - Epoch: 26, Test Loss: 1.03739, Test Acc: 62.91%
2024-11-18 06:13:43,602 - INFO - Epoch: 27, Train Loss: 0.97967, Train Acc: 64.71%
2024-11-18 06:13:48,139 - INFO - Epoch: 27, Test Loss: 1.02155, Test Acc: 63.00%
2024-11-18 06:14:08,168 - INFO - Epoch: 28, Train Loss: 0.97720, Train Acc: 64.56%
2024-11-18 06:14:12,723 - INFO - Epoch: 28, Test Loss: 1.02820, Test Acc: 63.13%
2024-11-18 06:14:33,194 - INFO - Epoch: 29, Train Loss: 0.97691, Train Acc: 64.63%
2024-11-18 06:14:37,773 - INFO - Epoch: 29, Test Loss: 1.04431, Test Acc: 62.18%
2024-11-18 06:14:57,703 - INFO - Epoch: 30, Train Loss: 0.97697, Train Acc: 64.52%
2024-11-18 06:15:02,080 - INFO - Epoch: 30, Test Loss: 1.03364, Test Acc: 63.16%
2024-11-18 06:15:21,966 - INFO - Epoch: 31, Train Loss: 0.97531, Train Acc: 64.56%
2024-11-18 06:15:26,560 - INFO - Epoch: 31, Test Loss: 1.04483, Test Acc: 62.65%
2024-11-18 06:15:46,430 - INFO - Epoch: 32, Train Loss: 0.97286, Train Acc: 64.72%
2024-11-18 06:15:50,984 - INFO - Epoch: 32, Test Loss: 1.03601, Test Acc: 62.96%
2024-11-18 06:16:10,991 - INFO - Epoch: 33, Train Loss: 0.97488, Train Acc: 64.78%
2024-11-18 06:16:15,722 - INFO - Epoch: 33, Test Loss: 1.04136, Test Acc: 62.45%
2024-11-18 06:16:35,702 - INFO - Epoch: 34, Train Loss: 0.97172, Train Acc: 64.75%
2024-11-18 06:16:40,163 - INFO - Epoch: 34, Test Loss: 1.04397, Test Acc: 62.61%
2024-11-18 06:17:00,132 - INFO - Epoch: 35, Train Loss: 0.96962, Train Acc: 64.98%
2024-11-18 06:17:04,652 - INFO - Epoch: 35, Test Loss: 1.02631, Test Acc: 63.14%
2024-11-18 06:17:24,784 - INFO - Epoch: 36, Train Loss: 0.97103, Train Acc: 64.80%
2024-11-18 06:17:29,408 - INFO - Epoch: 36, Test Loss: 1.01652, Test Acc: 63.31%
2024-11-18 06:17:49,451 - INFO - Epoch: 37, Train Loss: 0.97038, Train Acc: 64.83%
2024-11-18 06:17:54,056 - INFO - Epoch: 37, Test Loss: 1.01357, Test Acc: 63.68%
2024-11-18 06:18:13,827 - INFO - Epoch: 38, Train Loss: 0.96969, Train Acc: 64.98%
2024-11-18 06:18:18,301 - INFO - Epoch: 38, Test Loss: 1.00132, Test Acc: 63.78%
2024-11-18 06:18:38,677 - INFO - Epoch: 39, Train Loss: 0.96801, Train Acc: 65.16%
2024-11-18 06:18:43,167 - INFO - Epoch: 39, Test Loss: 1.06060, Test Acc: 61.20%
2024-11-18 06:19:03,071 - INFO - Epoch: 40, Train Loss: 0.96908, Train Acc: 64.94%
2024-11-18 06:19:07,706 - INFO - Epoch: 40, Test Loss: 1.00339, Test Acc: 63.93%
2024-11-18 06:19:27,601 - INFO - Epoch: 41, Train Loss: 0.96674, Train Acc: 65.07%
2024-11-18 06:19:32,353 - INFO - Epoch: 41, Test Loss: 1.04222, Test Acc: 62.87%
2024-11-18 06:19:52,180 - INFO - Epoch: 42, Train Loss: 0.96681, Train Acc: 65.06%
2024-11-18 06:19:56,818 - INFO - Epoch: 42, Test Loss: 1.04430, Test Acc: 62.58%
2024-11-18 06:20:17,185 - INFO - Epoch: 43, Train Loss: 0.96807, Train Acc: 65.01%
2024-11-18 06:20:21,994 - INFO - Epoch: 43, Test Loss: 1.01654, Test Acc: 63.40%
2024-11-18 06:20:42,017 - INFO - Epoch: 44, Train Loss: 0.96438, Train Acc: 65.04%
2024-11-18 06:20:46,811 - INFO - Epoch: 44, Test Loss: 1.01866, Test Acc: 63.50%
2024-11-18 06:21:07,103 - INFO - Epoch: 45, Train Loss: 0.96531, Train Acc: 64.95%
2024-11-18 06:21:11,900 - INFO - Epoch: 45, Test Loss: 1.01317, Test Acc: 63.96%
2024-11-18 06:21:31,691 - INFO - Epoch: 46, Train Loss: 0.96459, Train Acc: 65.27%
2024-11-18 06:21:36,493 - INFO - Epoch: 46, Test Loss: 1.01110, Test Acc: 64.13%
2024-11-18 06:21:56,212 - INFO - Epoch: 47, Train Loss: 0.96430, Train Acc: 65.21%
2024-11-18 06:22:01,007 - INFO - Epoch: 47, Test Loss: 1.02533, Test Acc: 63.37%
2024-11-18 06:22:20,758 - INFO - Epoch: 48, Train Loss: 0.96386, Train Acc: 65.07%
2024-11-18 06:22:25,532 - INFO - Epoch: 48, Test Loss: 1.01064, Test Acc: 63.93%
2024-11-18 06:22:45,411 - INFO - Epoch: 49, Train Loss: 0.96018, Train Acc: 65.21%
2024-11-18 06:22:50,403 - INFO - Epoch: 49, Test Loss: 1.02250, Test Acc: 63.50%
2024-11-18 06:22:50,403 - INFO - Train exists: 0/50 epochs, evaluate on train:
2024-11-18 06:22:55,265 - INFO - Epoch: 49, Test Loss: 1.02250, Test Acc: 63.50%
