2024-11-18 02:09:07,704 - INFO - Checkpoint directory: ./results/unbiased/linear/64
2024-11-18 02:09:07,704 - INFO - Configuration:
2024-11-18 02:09:07,705 - INFO - batch_sizes: [256, 128, 64, 32, 16, 8]
2024-11-18 02:09:07,705 - INFO - batch_size: 64
2024-11-18 02:09:07,705 - INFO - batch_size_evaluate: 64
2024-11-18 02:09:07,705 - INFO - num_epochs: 100
2024-11-18 02:09:07,705 - INFO - num_eval_epochs: 50
2024-11-18 02:09:07,705 - INFO - sim_coeff: 25.0
2024-11-18 02:09:07,705 - INFO - std_coeff: 25.0
2024-11-18 02:09:07,705 - INFO - cov_coeff: 1
2024-11-18 02:09:07,706 - INFO - lr_vicreg: 0.0002
2024-11-18 02:09:07,706 - INFO - lr_linear: 0.01
2024-11-18 02:09:07,706 - INFO - backbone: resnet18
2024-11-18 02:09:07,706 - INFO - projection_head_dims: [512, 512, 512]
2024-11-18 02:09:07,706 - INFO - probe: linear
2024-11-18 02:09:07,706 - INFO - loss: unbiased
2024-11-18 02:09:07,706 - INFO - batch_size_sharing: False
2024-11-18 02:09:07,706 - INFO - checkpoint_dir: ./results/unbiased/linear/64
2024-11-18 02:09:07,706 - INFO - Running with batch_size=64
2024-11-18 02:09:07,706 - INFO - Using device: cuda
2024-11-18 02:09:07,707 - INFO - Setting up experiment...
2024-11-18 02:09:07,707 - INFO - Using ResNet18 backbone
2024-11-18 02:09:07,906 - INFO - Using unbiased VICReg loss
2024-11-18 02:09:07,907 - INFO - Setting up datasets and dataloaders
2024-11-18 02:09:09,146 - INFO - Created dataloaders with batch size 64 and evaluate 64
2024-11-18 02:09:09,147 - INFO - Created optimizers with learning rates: vicreg=0.0002, linear=0.01
2024-11-18 02:09:09,147 - INFO - Loaded checkpoints: vicreg_epoch=0, linear_epoch=0
2024-11-18 02:09:09,147 - INFO - Starting from epoch vicreg_start:0
2024-11-18 02:09:09,147 - INFO - Writing visualization data to TensorBoard
2024-11-18 02:09:11,087 - INFO - Successfully wrote visualization data to TensorBoard
2024-11-18 02:09:11,111 - INFO - Beginning train + evaluate for linear probing
2024-11-18 02:09:11,111 - INFO - Continuing VICReg training from epoch 0 to 100
2024-11-18 02:09:33,566 - INFO - Epoch: 00, unbiasedVICReg loss: 25.09070
2024-11-18 02:09:56,395 - INFO - Epoch: 01, unbiasedVICReg loss: 22.61763
2024-11-18 02:10:20,025 - INFO - Epoch: 02, unbiasedVICReg loss: 22.60900
2024-11-18 02:10:42,954 - INFO - Epoch: 03, unbiasedVICReg loss: 22.60529
2024-11-18 02:11:05,603 - INFO - Epoch: 04, unbiasedVICReg loss: 22.60175
2024-11-18 02:11:28,145 - INFO - Epoch: 05, unbiasedVICReg loss: 22.59787
2024-11-18 02:11:50,256 - INFO - Epoch: 06, unbiasedVICReg loss: 22.59347
2024-11-18 02:12:12,773 - INFO - Epoch: 07, unbiasedVICReg loss: 22.59030
2024-11-18 02:12:36,195 - INFO - Epoch: 08, unbiasedVICReg loss: 22.58680
2024-11-18 02:12:59,205 - INFO - Epoch: 09, unbiasedVICReg loss: 22.58229
2024-11-18 02:13:21,968 - INFO - Epoch: 10, unbiasedVICReg loss: 22.57586
2024-11-18 02:13:44,797 - INFO - Epoch: 11, unbiasedVICReg loss: 22.56951
2024-11-18 02:14:07,335 - INFO - Epoch: 12, unbiasedVICReg loss: 22.56228
2024-11-18 02:14:30,304 - INFO - Epoch: 13, unbiasedVICReg loss: 22.55522
2024-11-18 02:14:53,756 - INFO - Epoch: 14, unbiasedVICReg loss: 22.54804
2024-11-18 02:15:16,418 - INFO - Epoch: 15, unbiasedVICReg loss: 22.54163
2024-11-18 02:15:39,553 - INFO - Epoch: 16, unbiasedVICReg loss: 22.53652
2024-11-18 02:16:02,467 - INFO - Epoch: 17, unbiasedVICReg loss: 22.53717
2024-11-18 02:16:25,200 - INFO - Epoch: 18, unbiasedVICReg loss: 22.53122
2024-11-18 02:16:48,238 - INFO - Epoch: 19, unbiasedVICReg loss: 22.52996
2024-11-18 02:17:11,304 - INFO - Epoch: 20, unbiasedVICReg loss: 22.52512
2024-11-18 02:17:34,193 - INFO - Epoch: 21, unbiasedVICReg loss: 22.51779
2024-11-18 02:17:57,174 - INFO - Epoch: 22, unbiasedVICReg loss: 22.51566
2024-11-18 02:18:20,163 - INFO - Epoch: 23, unbiasedVICReg loss: 22.51500
2024-11-18 02:18:43,379 - INFO - Epoch: 24, unbiasedVICReg loss: 22.51514
2024-11-18 02:19:06,911 - INFO - Epoch: 25, unbiasedVICReg loss: 22.50539
2024-11-18 02:19:29,652 - INFO - Epoch: 26, unbiasedVICReg loss: 22.49570
2024-11-18 02:19:52,406 - INFO - Epoch: 27, unbiasedVICReg loss: 22.49569
2024-11-18 02:20:15,620 - INFO - Epoch: 28, unbiasedVICReg loss: 22.49619
2024-11-18 02:20:38,774 - INFO - Epoch: 29, unbiasedVICReg loss: 22.48961
2024-11-18 02:21:01,632 - INFO - Epoch: 30, unbiasedVICReg loss: 22.49428
2024-11-18 02:21:24,679 - INFO - Epoch: 31, unbiasedVICReg loss: 22.49271
2024-11-18 02:21:47,587 - INFO - Epoch: 32, unbiasedVICReg loss: 22.48906
2024-11-18 02:22:09,812 - INFO - Epoch: 33, unbiasedVICReg loss: 22.48582
2024-11-18 02:22:32,361 - INFO - Epoch: 34, unbiasedVICReg loss: 22.49384
2024-11-18 02:22:55,806 - INFO - Epoch: 35, unbiasedVICReg loss: 22.47858
2024-11-18 02:23:18,561 - INFO - Epoch: 36, unbiasedVICReg loss: 22.47541
2024-11-18 02:23:41,646 - INFO - Epoch: 37, unbiasedVICReg loss: 22.46939
2024-11-18 02:24:04,385 - INFO - Epoch: 38, unbiasedVICReg loss: 22.46831
2024-11-18 02:24:27,899 - INFO - Epoch: 39, unbiasedVICReg loss: 22.47270
2024-11-18 02:24:50,447 - INFO - Epoch: 40, unbiasedVICReg loss: 22.47757
2024-11-18 02:25:13,785 - INFO - Epoch: 41, unbiasedVICReg loss: 22.46526
2024-11-18 02:25:36,331 - INFO - Epoch: 42, unbiasedVICReg loss: 22.46419
2024-11-18 02:25:59,487 - INFO - Epoch: 43, unbiasedVICReg loss: 22.46029
2024-11-18 02:26:23,073 - INFO - Epoch: 44, unbiasedVICReg loss: 22.46466
2024-11-18 02:26:46,591 - INFO - Epoch: 45, unbiasedVICReg loss: 22.45577
2024-11-18 02:27:09,763 - INFO - Epoch: 46, unbiasedVICReg loss: 22.45446
2024-11-18 02:27:33,221 - INFO - Epoch: 47, unbiasedVICReg loss: 22.45477
2024-11-18 02:27:56,022 - INFO - Epoch: 48, unbiasedVICReg loss: 22.45179
2024-11-18 02:28:19,548 - INFO - Epoch: 49, unbiasedVICReg loss: 22.45836
2024-11-18 02:28:43,528 - INFO - Epoch: 50, unbiasedVICReg loss: 22.44973
2024-11-18 02:29:07,385 - INFO - Epoch: 51, unbiasedVICReg loss: 22.44804
2024-11-18 02:29:30,933 - INFO - Epoch: 52, unbiasedVICReg loss: 22.45444
2024-11-18 02:29:53,540 - INFO - Epoch: 53, unbiasedVICReg loss: 22.45381
2024-11-18 02:30:16,176 - INFO - Epoch: 54, unbiasedVICReg loss: 22.44487
2024-11-18 02:30:39,422 - INFO - Epoch: 55, unbiasedVICReg loss: 22.44052
2024-11-18 02:31:02,566 - INFO - Epoch: 56, unbiasedVICReg loss: 22.44368
2024-11-18 02:31:25,595 - INFO - Epoch: 57, unbiasedVICReg loss: 22.44924
2024-11-18 02:31:48,321 - INFO - Epoch: 58, unbiasedVICReg loss: 22.44540
2024-11-18 02:32:11,163 - INFO - Epoch: 59, unbiasedVICReg loss: 22.44277
2024-11-18 02:32:33,776 - INFO - Epoch: 60, unbiasedVICReg loss: 22.44635
2024-11-18 02:32:58,106 - INFO - Epoch: 61, unbiasedVICReg loss: 22.45452
2024-11-18 02:33:21,306 - INFO - Epoch: 62, unbiasedVICReg loss: 22.43992
2024-11-18 02:33:44,028 - INFO - Epoch: 63, unbiasedVICReg loss: 22.44250
2024-11-18 02:34:07,727 - INFO - Epoch: 64, unbiasedVICReg loss: 22.43779
2024-11-18 02:34:30,178 - INFO - Epoch: 65, unbiasedVICReg loss: 22.43428
2024-11-18 02:34:54,336 - INFO - Epoch: 66, unbiasedVICReg loss: 22.43898
2024-11-18 02:35:17,661 - INFO - Epoch: 67, unbiasedVICReg loss: 22.45041
2024-11-18 02:35:41,910 - INFO - Epoch: 68, unbiasedVICReg loss: 22.43994
2024-11-18 02:36:05,575 - INFO - Epoch: 69, unbiasedVICReg loss: 22.43660
2024-11-18 02:36:29,241 - INFO - Epoch: 70, unbiasedVICReg loss: 22.42811
2024-11-18 02:36:52,516 - INFO - Epoch: 71, unbiasedVICReg loss: 22.43238
2024-11-18 02:37:17,872 - INFO - Epoch: 72, unbiasedVICReg loss: 22.43013
2024-11-18 02:37:43,997 - INFO - Epoch: 73, unbiasedVICReg loss: 22.43049
2024-11-18 02:38:07,568 - INFO - Epoch: 74, unbiasedVICReg loss: 22.43335
2024-11-18 02:38:30,955 - INFO - Epoch: 75, unbiasedVICReg loss: 22.43034
2024-11-18 02:38:54,373 - INFO - Epoch: 76, unbiasedVICReg loss: 22.43220
2024-11-18 02:39:17,206 - INFO - Epoch: 77, unbiasedVICReg loss: 22.44380
2024-11-18 02:39:40,392 - INFO - Epoch: 78, unbiasedVICReg loss: 22.43831
2024-11-18 02:40:04,103 - INFO - Epoch: 79, unbiasedVICReg loss: 22.43709
2024-11-18 02:40:27,536 - INFO - Epoch: 80, unbiasedVICReg loss: 22.43509
2024-11-18 02:40:50,549 - INFO - Epoch: 81, unbiasedVICReg loss: 22.42672
2024-11-18 02:41:13,235 - INFO - Epoch: 82, unbiasedVICReg loss: 22.42389
2024-11-18 02:41:37,127 - INFO - Epoch: 83, unbiasedVICReg loss: 22.42555
2024-11-18 02:42:00,932 - INFO - Epoch: 84, unbiasedVICReg loss: 22.41655
2024-11-18 02:42:24,485 - INFO - Epoch: 85, unbiasedVICReg loss: 22.45033
2024-11-18 02:42:47,301 - INFO - Epoch: 86, unbiasedVICReg loss: 22.42428
2024-11-18 02:43:09,912 - INFO - Epoch: 87, unbiasedVICReg loss: 22.42190
2024-11-18 02:43:32,793 - INFO - Epoch: 88, unbiasedVICReg loss: 22.41362
2024-11-18 02:43:55,597 - INFO - Epoch: 89, unbiasedVICReg loss: 22.41600
2024-11-18 02:44:18,221 - INFO - Epoch: 90, unbiasedVICReg loss: 22.41247
2024-11-18 02:44:40,407 - INFO - Epoch: 91, unbiasedVICReg loss: 22.42036
2024-11-18 02:45:02,924 - INFO - Epoch: 92, unbiasedVICReg loss: 22.41479
2024-11-18 02:45:25,161 - INFO - Epoch: 93, unbiasedVICReg loss: 22.41215
2024-11-18 02:45:47,828 - INFO - Epoch: 94, unbiasedVICReg loss: 22.41409
2024-11-18 02:46:11,209 - INFO - Epoch: 95, unbiasedVICReg loss: 22.40956
2024-11-18 02:46:35,427 - INFO - Epoch: 96, unbiasedVICReg loss: 22.40676
2024-11-18 02:46:58,312 - INFO - Epoch: 97, unbiasedVICReg loss: 22.41418
2024-11-18 02:47:20,922 - INFO - Epoch: 98, unbiasedVICReg loss: 22.41108
2024-11-18 02:47:44,012 - INFO - Epoch: 99, unbiasedVICReg loss: 22.40544
2024-11-18 02:47:44,992 - INFO - linear_start 0, vicreg_start 0
2024-11-18 02:47:44,992 - INFO - Starting linear evaluation from 0/50 epochs
2024-11-18 02:48:05,235 - INFO - Epoch: 00, Train Loss: 1.22173, Train Acc: 56.13%
2024-11-18 02:48:10,066 - INFO - Epoch: 00, Test Loss: 1.15893, Test Acc: 58.62%
2024-11-18 02:48:30,320 - INFO - Epoch: 01, Train Loss: 1.13253, Train Acc: 59.36%
2024-11-18 02:48:35,035 - INFO - Epoch: 01, Test Loss: 1.13371, Test Acc: 59.24%
2024-11-18 02:48:55,134 - INFO - Epoch: 02, Train Loss: 1.10823, Train Acc: 60.14%
2024-11-18 02:48:59,805 - INFO - Epoch: 02, Test Loss: 1.11873, Test Acc: 59.89%
2024-11-18 02:49:20,174 - INFO - Epoch: 03, Train Loss: 1.09322, Train Acc: 60.69%
2024-11-18 02:49:24,833 - INFO - Epoch: 03, Test Loss: 1.10672, Test Acc: 60.14%
2024-11-18 02:49:45,069 - INFO - Epoch: 04, Train Loss: 1.08410, Train Acc: 61.22%
2024-11-18 02:49:49,737 - INFO - Epoch: 04, Test Loss: 1.09602, Test Acc: 60.31%
2024-11-18 02:50:10,072 - INFO - Epoch: 05, Train Loss: 1.07342, Train Acc: 61.57%
2024-11-18 02:50:14,835 - INFO - Epoch: 05, Test Loss: 1.08755, Test Acc: 61.02%
2024-11-18 02:50:34,983 - INFO - Epoch: 06, Train Loss: 1.06635, Train Acc: 61.83%
2024-11-18 02:50:39,702 - INFO - Epoch: 06, Test Loss: 1.10236, Test Acc: 60.94%
2024-11-18 02:50:59,902 - INFO - Epoch: 07, Train Loss: 1.06396, Train Acc: 61.97%
2024-11-18 02:51:04,581 - INFO - Epoch: 07, Test Loss: 1.09679, Test Acc: 60.87%
2024-11-18 02:51:24,733 - INFO - Epoch: 08, Train Loss: 1.05790, Train Acc: 62.27%
2024-11-18 02:51:29,315 - INFO - Epoch: 08, Test Loss: 1.08163, Test Acc: 61.02%
2024-11-18 02:51:49,343 - INFO - Epoch: 09, Train Loss: 1.05337, Train Acc: 62.45%
2024-11-18 02:51:53,939 - INFO - Epoch: 09, Test Loss: 1.07736, Test Acc: 61.40%
2024-11-18 02:52:13,984 - INFO - Epoch: 10, Train Loss: 1.04700, Train Acc: 62.61%
2024-11-18 02:52:18,683 - INFO - Epoch: 10, Test Loss: 1.11748, Test Acc: 60.42%
2024-11-18 02:52:38,866 - INFO - Epoch: 11, Train Loss: 1.04642, Train Acc: 62.62%
2024-11-18 02:52:43,619 - INFO - Epoch: 11, Test Loss: 1.09901, Test Acc: 60.96%
2024-11-18 02:53:03,902 - INFO - Epoch: 12, Train Loss: 1.04385, Train Acc: 62.71%
2024-11-18 02:53:08,480 - INFO - Epoch: 12, Test Loss: 1.14305, Test Acc: 60.94%
2024-11-18 02:53:28,780 - INFO - Epoch: 13, Train Loss: 1.03995, Train Acc: 62.83%
2024-11-18 02:53:33,442 - INFO - Epoch: 13, Test Loss: 1.07143, Test Acc: 61.29%
2024-11-18 02:53:53,657 - INFO - Epoch: 14, Train Loss: 1.03937, Train Acc: 62.99%
2024-11-18 02:53:58,332 - INFO - Epoch: 14, Test Loss: 1.08041, Test Acc: 61.35%
2024-11-18 02:54:18,429 - INFO - Epoch: 15, Train Loss: 1.03632, Train Acc: 63.24%
2024-11-18 02:54:23,034 - INFO - Epoch: 15, Test Loss: 1.06562, Test Acc: 62.02%
2024-11-18 02:54:43,256 - INFO - Epoch: 16, Train Loss: 1.03491, Train Acc: 63.06%
2024-11-18 02:54:48,007 - INFO - Epoch: 16, Test Loss: 1.10724, Test Acc: 60.67%
2024-11-18 02:55:08,081 - INFO - Epoch: 17, Train Loss: 1.03402, Train Acc: 63.14%
2024-11-18 02:55:12,792 - INFO - Epoch: 17, Test Loss: 1.08148, Test Acc: 61.42%
2024-11-18 02:55:33,188 - INFO - Epoch: 18, Train Loss: 1.03173, Train Acc: 63.32%
2024-11-18 02:55:37,657 - INFO - Epoch: 18, Test Loss: 1.06419, Test Acc: 61.87%
2024-11-18 02:55:57,687 - INFO - Epoch: 19, Train Loss: 1.03061, Train Acc: 63.38%
2024-11-18 02:56:02,321 - INFO - Epoch: 19, Test Loss: 1.06131, Test Acc: 62.13%
2024-11-18 02:56:22,416 - INFO - Epoch: 20, Train Loss: 1.02870, Train Acc: 63.33%
2024-11-18 02:56:27,075 - INFO - Epoch: 20, Test Loss: 1.06705, Test Acc: 61.88%
2024-11-18 02:56:47,438 - INFO - Epoch: 21, Train Loss: 1.02710, Train Acc: 63.37%
2024-11-18 02:56:52,076 - INFO - Epoch: 21, Test Loss: 1.07115, Test Acc: 61.56%
2024-11-18 02:57:12,360 - INFO - Epoch: 22, Train Loss: 1.02780, Train Acc: 63.43%
2024-11-18 02:57:16,833 - INFO - Epoch: 22, Test Loss: 1.07558, Test Acc: 61.87%
2024-11-18 02:57:36,951 - INFO - Epoch: 23, Train Loss: 1.02312, Train Acc: 63.43%
2024-11-18 02:57:41,524 - INFO - Epoch: 23, Test Loss: 1.07224, Test Acc: 61.53%
2024-11-18 02:58:01,718 - INFO - Epoch: 24, Train Loss: 1.02426, Train Acc: 63.63%
2024-11-18 02:58:06,361 - INFO - Epoch: 24, Test Loss: 1.10577, Test Acc: 61.37%
2024-11-18 02:58:26,679 - INFO - Epoch: 25, Train Loss: 1.02406, Train Acc: 63.65%
2024-11-18 02:58:31,347 - INFO - Epoch: 25, Test Loss: 1.05989, Test Acc: 61.93%
2024-11-18 02:58:51,550 - INFO - Epoch: 26, Train Loss: 1.02018, Train Acc: 63.54%
2024-11-18 02:58:56,187 - INFO - Epoch: 26, Test Loss: 1.05939, Test Acc: 62.03%
2024-11-18 02:59:16,377 - INFO - Epoch: 27, Train Loss: 1.01958, Train Acc: 63.56%
2024-11-18 02:59:21,054 - INFO - Epoch: 27, Test Loss: 1.07380, Test Acc: 61.48%
2024-11-18 02:59:41,223 - INFO - Epoch: 28, Train Loss: 1.01720, Train Acc: 63.66%
2024-11-18 02:59:45,874 - INFO - Epoch: 28, Test Loss: 1.07625, Test Acc: 61.44%
2024-11-18 03:00:06,077 - INFO - Epoch: 29, Train Loss: 1.01668, Train Acc: 63.78%
2024-11-18 03:00:10,692 - INFO - Epoch: 29, Test Loss: 1.05796, Test Acc: 62.03%
2024-11-18 03:00:30,796 - INFO - Epoch: 30, Train Loss: 1.01839, Train Acc: 63.69%
2024-11-18 03:00:35,431 - INFO - Epoch: 30, Test Loss: 1.06547, Test Acc: 61.75%
2024-11-18 03:00:55,713 - INFO - Epoch: 31, Train Loss: 1.01894, Train Acc: 63.66%
2024-11-18 03:01:00,353 - INFO - Epoch: 31, Test Loss: 1.05797, Test Acc: 62.11%
2024-11-18 03:01:20,715 - INFO - Epoch: 32, Train Loss: 1.01473, Train Acc: 63.86%
2024-11-18 03:01:25,326 - INFO - Epoch: 32, Test Loss: 1.06843, Test Acc: 61.61%
2024-11-18 03:01:45,391 - INFO - Epoch: 33, Train Loss: 1.01656, Train Acc: 63.86%
2024-11-18 03:01:50,073 - INFO - Epoch: 33, Test Loss: 1.08580, Test Acc: 61.64%
2024-11-18 03:02:10,297 - INFO - Epoch: 34, Train Loss: 1.01362, Train Acc: 63.80%
2024-11-18 03:02:15,079 - INFO - Epoch: 34, Test Loss: 1.06962, Test Acc: 61.64%
2024-11-18 03:02:35,074 - INFO - Epoch: 35, Train Loss: 1.01640, Train Acc: 63.95%
2024-11-18 03:02:39,936 - INFO - Epoch: 35, Test Loss: 1.06920, Test Acc: 61.54%
2024-11-18 03:02:59,851 - INFO - Epoch: 36, Train Loss: 1.01425, Train Acc: 63.88%
2024-11-18 03:03:04,830 - INFO - Epoch: 36, Test Loss: 1.06881, Test Acc: 61.68%
2024-11-18 03:03:24,491 - INFO - Epoch: 37, Train Loss: 1.01404, Train Acc: 63.88%
2024-11-18 03:03:29,407 - INFO - Epoch: 37, Test Loss: 1.07598, Test Acc: 61.52%
2024-11-18 03:03:49,153 - INFO - Epoch: 38, Train Loss: 1.01322, Train Acc: 63.94%
2024-11-18 03:03:54,169 - INFO - Epoch: 38, Test Loss: 1.08295, Test Acc: 61.91%
2024-11-18 03:04:14,082 - INFO - Epoch: 39, Train Loss: 1.01082, Train Acc: 63.88%
2024-11-18 03:04:18,572 - INFO - Epoch: 39, Test Loss: 1.06187, Test Acc: 62.09%
2024-11-18 03:04:37,402 - INFO - Epoch: 40, Train Loss: 1.01091, Train Acc: 63.84%
2024-11-18 03:04:41,862 - INFO - Epoch: 40, Test Loss: 1.09480, Test Acc: 61.53%
2024-11-18 03:05:00,492 - INFO - Epoch: 41, Train Loss: 1.00915, Train Acc: 63.95%
2024-11-18 03:05:04,900 - INFO - Epoch: 41, Test Loss: 1.06115, Test Acc: 61.59%
2024-11-18 03:05:23,845 - INFO - Epoch: 42, Train Loss: 1.01013, Train Acc: 63.84%
2024-11-18 03:05:28,187 - INFO - Epoch: 42, Test Loss: 1.06839, Test Acc: 62.15%
2024-11-18 03:05:46,952 - INFO - Epoch: 43, Train Loss: 1.01098, Train Acc: 63.88%
2024-11-18 03:05:51,432 - INFO - Epoch: 43, Test Loss: 1.08143, Test Acc: 61.65%
2024-11-18 03:06:09,962 - INFO - Epoch: 44, Train Loss: 1.00978, Train Acc: 64.05%
2024-11-18 03:06:14,347 - INFO - Epoch: 44, Test Loss: 1.06834, Test Acc: 62.01%
2024-11-18 03:06:33,179 - INFO - Epoch: 45, Train Loss: 1.00887, Train Acc: 63.97%
2024-11-18 03:06:37,569 - INFO - Epoch: 45, Test Loss: 1.06299, Test Acc: 62.14%
2024-11-18 03:06:56,128 - INFO - Epoch: 46, Train Loss: 1.00886, Train Acc: 63.97%
2024-11-18 03:07:00,457 - INFO - Epoch: 46, Test Loss: 1.06593, Test Acc: 61.90%
2024-11-18 03:07:18,961 - INFO - Epoch: 47, Train Loss: 1.00889, Train Acc: 64.00%
2024-11-18 03:07:23,334 - INFO - Epoch: 47, Test Loss: 1.06702, Test Acc: 62.07%
2024-11-18 03:07:42,295 - INFO - Epoch: 48, Train Loss: 1.00756, Train Acc: 64.08%
2024-11-18 03:07:46,627 - INFO - Epoch: 48, Test Loss: 1.06689, Test Acc: 61.72%
2024-11-18 03:08:05,431 - INFO - Epoch: 49, Train Loss: 1.00585, Train Acc: 64.15%
2024-11-18 03:08:09,773 - INFO - Epoch: 49, Test Loss: 1.08413, Test Acc: 61.76%
2024-11-18 03:08:09,774 - INFO - Train exists: 0/50 epochs, evaluate on train:
2024-11-18 03:08:14,099 - INFO - Epoch: 49, Test Loss: 1.08413, Test Acc: 61.76%
